<?xml version="1.0" encoding="UTF-8"?>
<!-- Generated by org.testng.reporters.JUnitXMLReporter -->
<testsuite ignored="11" hostname="DESKTOP-MUC01SU" failures="1" tests="1" name="Default test(failed)(failed)" time="11.225" errors="0" timestamp="2021-06-12T20:04:38 EDT">
  <testcase classname="FacebookTestNG" name="@AfterTest CloseBrowser" time="4.109">
    <failure type="org.openqa.selenium.WebDriverException" message="chrome not reachable
  (Session info: chrome=91.0.4472.77)
Build info: version: &amp;apos;3.141.59&amp;apos;, revision: &amp;apos;e82be7d358&amp;apos;, time: &amp;apos;2018-11-14T08:25:53&amp;apos;
System info: host: &amp;apos;DESKTOP-MUC01SU&amp;apos;, ip: &amp;apos;192.168.1.155&amp;apos;, os.name: &amp;apos;Windows 10&amp;apos;, os.arch: &amp;apos;amd64&amp;apos;, os.version: &amp;apos;10.0&amp;apos;, java.version: &amp;apos;15.0.2&amp;apos;
Driver info: org.openqa.selenium.chrome.ChromeDriver
Capabilities {acceptInsecureCerts: false, browserName: chrome, browserVersion: 91.0.4472.77, chrome: {chromedriverVersion: 90.0.4430.24 (4c6d850f087da..., userDataDir: C:\Users\rabby\AppData\Loca...}, goog:chromeOptions: {debuggerAddress: localhost:55776}, javascriptEnabled: true, networkConnectionEnabled: false, pageLoadStrategy: normal, platform: WINDOWS, platformName: WINDOWS, proxy: Proxy(), setWindowRect: true, strictFileInteractability: false, timeouts: {implicit: 0, pageLoad: 300000, script: 30000}, unhandledPromptBehavior: dismiss and notify, webauthn:extension:largeBlob: true, webauthn:virtualAuthenticators: true}
Session ID: 0c418a381c8b142f1b90fcf275e2d682">
      <![CDATA[org.openqa.selenium.WebDriverException: chrome not reachable
  (Session info: chrome=91.0.4472.77)
Build info: version: '3.141.59', revision: 'e82be7d358', time: '2018-11-14T08:25:53'
System info: host: 'DESKTOP-MUC01SU', ip: '192.168.1.155', os.name: 'Windows 10', os.arch: 'amd64', os.version: '10.0', java.version: '15.0.2'
Driver info: org.openqa.selenium.chrome.ChromeDriver
Capabilities {acceptInsecureCerts: false, browserName: chrome, browserVersion: 91.0.4472.77, chrome: {chromedriverVersion: 90.0.4430.24 (4c6d850f087da..., userDataDir: C:\Users\rabby\AppData\Loca...}, goog:chromeOptions: {debuggerAddress: localhost:55776}, javascriptEnabled: true, networkConnectionEnabled: false, pageLoadStrategy: normal, platform: WINDOWS, platformName: WINDOWS, proxy: Proxy(), setWindowRect: true, strictFileInteractability: false, timeouts: {implicit: 0, pageLoad: 300000, script: 30000}, unhandledPromptBehavior: dismiss and notify, webauthn:extension:largeBlob: true, webauthn:virtualAuthenticators: true}
Session ID: 0c418a381c8b142f1b90fcf275e2d682
at org.openqa.selenium.remote.http.W3CHttpResponseCodec.createException(W3CHttpResponseCodec.java:187)
at org.openqa.selenium.remote.http.W3CHttpResponseCodec.decode(W3CHttpResponseCodec.java:122)
at org.openqa.selenium.remote.http.W3CHttpResponseCodec.decode(W3CHttpResponseCodec.java:49)
at org.openqa.selenium.remote.HttpCommandExecutor.execute(HttpCommandExecutor.java:158)
at org.openqa.selenium.remote.service.DriverCommandExecutor.execute(DriverCommandExecutor.java:83)
at org.openqa.selenium.remote.RemoteWebDriver.execute(RemoteWebDriver.java:552)
at org.openqa.selenium.remote.RemoteWebDriver.execute(RemoteWebDriver.java:609)
at org.openqa.selenium.remote.RemoteWebDriver.close(RemoteWebDriver.java:442)
at FacebookTestNG.CloseBrowser(FacebookTestNG.java:109)
... Removed 29 stack frames]]>
    </failure>
  </testcase> <!-- @AfterTest CloseBrowser -->
  <testcase classname="FacebookTestNG" name="SetLastName" time="5.136">
    <failure type="org.openqa.selenium.NoSuchElementException" message="Cannot locate an element using name=lastname
For documentation on this error, please visit: https://www.seleniumhq.org/exceptions/no_such_element.html
Build info: version: &amp;apos;3.141.59&amp;apos;, revision: &amp;apos;e82be7d358&amp;apos;, time: &amp;apos;2018-11-14T08:25:53&amp;apos;
System info: host: &amp;apos;DESKTOP-MUC01SU&amp;apos;, ip: &amp;apos;192.168.1.155&amp;apos;, os.name: &amp;apos;Windows 10&amp;apos;, os.arch: &amp;apos;amd64&amp;apos;, os.version: &amp;apos;10.0&amp;apos;, java.version: &amp;apos;15.0.2&amp;apos;
Driver info: driver.version: RemoteWebDriver">
      <![CDATA[org.openqa.selenium.NoSuchElementException: Cannot locate an element using name=lastname
For documentation on this error, please visit: https://www.seleniumhq.org/exceptions/no_such_element.html
Build info: version: '3.141.59', revision: 'e82be7d358', time: '2018-11-14T08:25:53'
System info: host: 'DESKTOP-MUC01SU', ip: '192.168.1.155', os.name: 'Windows 10', os.arch: 'amd64', os.version: '10.0', java.version: '15.0.2'
Driver info: driver.version: RemoteWebDriver
at org.openqa.selenium.remote.RemoteWebDriver.findElement(RemoteWebDriver.java:327)
at org.openqa.selenium.remote.RemoteWebDriver.findElementByName(RemoteWebDriver.java:404)
at org.openqa.selenium.By$ByName.findElement(By.java:284)
at org.openqa.selenium.remote.RemoteWebDriver.findElement(RemoteWebDriver.java:315)
at FacebookTestNG.SetLastName(FacebookTestNG.java:40)
at java.base/java.util.ArrayList.forEach(ArrayList.java:1511)
... Removed 27 stack frames]]>
    </failure>
  </testcase> <!-- SetLastName -->
  <testcase classname="FacebookTestNG" name="SetDOBYear" time="0.0">
    <ignored/>
  </testcase> <!-- SetDOBYear -->
  <testcase classname="FacebookTestNG" name="ClickCreatAccout" time="0.0">
    <ignored/>
  </testcase> <!-- ClickCreatAccout -->
  <testcase classname="FacebookTestNG" name="VerifyInvalidSignUp" time="0.0">
    <ignored/>
  </testcase> <!-- VerifyInvalidSignUp -->
  <testcase classname="FacebookTestNG" name="setGender" time="0.0">
    <ignored/>
  </testcase> <!-- setGender -->
  <testcase classname="FacebookTestNG" name="setConfirmEmail" time="0.0">
    <ignored/>
  </testcase> <!-- setConfirmEmail -->
  <testcase classname="FacebookTestNG" name="ClickSignUp" time="0.0">
    <ignored/>
  </testcase> <!-- ClickSignUp -->
  <testcase classname="FacebookTestNG" name="SetDOBDate" time="0.0">
    <ignored/>
  </testcase> <!-- SetDOBDate -->
  <testcase classname="FacebookTestNG" name="SetFirstName" time="0.0">
    <ignored/>
  </testcase> <!-- SetFirstName -->
  <testcase classname="FacebookTestNG" name="setPassword" time="0.0">
    <ignored/>
  </testcase> <!-- setPassword -->
  <testcase classname="FacebookTestNG" name="SetDOBMonth" time="0.0">
    <ignored/>
  </testcase> <!-- SetDOBMonth -->
  <testcase classname="FacebookTestNG" name="setEmail" time="0.0">
    <ignored/>
  </testcase> <!-- setEmail -->
</testsuite> <!-- Default test(failed)(failed) -->
