<?xml version="1.0" encoding="UTF-8"?>
<!-- Generated by org.testng.reporters.JUnitReportReporter -->
<testsuite hostname="DESKTOP-MUC01SU" failures="0" tests="13" name="CrossBrowserScript" time="-1623701376.000" errors="1" timestamp="2021-06-14T16:09:19 EDT" skipped="12">
  <testcase classname="CrossBrowserScript" name="ClickCreateAccount" time="0.000">
    <skipped/>
  </testcase> <!-- ClickCreateAccount -->
  <system-out/>
  <testcase classname="CrossBrowserScript" name="setup" time="-1623701376.000">
    <error message="
Parameter &#039;browser&#039; is required by BeforeTest on method setup but has not been marked @Optional or defined
in C:\Users\rabby\AppData\Local\Temp\testng-eclipse--1028748910\testng-customsuite.xml" type="org.testng.TestNGException">
      <![CDATA[org.testng.TestNGException: 
Parameter 'browser' is required by BeforeTest on method setup but has not been marked @Optional or defined
in C:\Users\rabby\AppData\Local\Temp\testng-eclipse--1028748910\testng-customsuite.xml
at org.testng.internal.Parameters.createParams(Parameters.java:270)
at org.testng.internal.Parameters.createParametersForMethod(Parameters.java:358)
at org.testng.internal.Parameters.createParameters(Parameters.java:700)
at org.testng.internal.Parameters.createConfigurationParameters(Parameters.java:168)
at org.testng.internal.ConfigInvoker.invokeConfigurations(ConfigInvoker.java:302)
at org.testng.TestRunner.invokeTestConfigurations(TestRunner.java:637)
at org.testng.TestRunner.beforeRun(TestRunner.java:627)
at org.testng.TestRunner.run(TestRunner.java:589)
at org.testng.SuiteRunner.runTest(SuiteRunner.java:377)
at org.testng.SuiteRunner.runSequentially(SuiteRunner.java:371)
at org.testng.SuiteRunner.privateRun(SuiteRunner.java:332)
at org.testng.SuiteRunner.run(SuiteRunner.java:276)
at org.testng.SuiteRunnerWorker.runSuite(SuiteRunnerWorker.java:53)
at org.testng.SuiteRunnerWorker.run(SuiteRunnerWorker.java:96)
at org.testng.TestNG.runSuitesSequentially(TestNG.java:1212)
at org.testng.TestNG.runSuitesLocally(TestNG.java:1134)
at org.testng.TestNG.runSuites(TestNG.java:1063)
at org.testng.TestNG.run(TestNG.java:1031)
at org.testng.remote.AbstractRemoteTestNG.run(AbstractRemoteTestNG.java:115)
at org.testng.remote.RemoteTestNG.initAndRun(RemoteTestNG.java:251)
at org.testng.remote.RemoteTestNG.main(RemoteTestNG.java:77)
]]>
    </error>
  </testcase> <!-- setup -->
  <system-out/>
  <testcase classname="CrossBrowserScript" name="SetFirstName" time="0.000">
    <skipped/>
  </testcase> <!-- SetFirstName -->
  <system-out/>
  <testcase classname="CrossBrowserScript" name="SetLastName" time="0.000">
    <skipped/>
  </testcase> <!-- SetLastName -->
  <system-out/>
  <testcase classname="CrossBrowserScript" name="setEmail" time="0.000">
    <skipped/>
  </testcase> <!-- setEmail -->
  <system-out/>
  <testcase classname="CrossBrowserScript" name="setConfirmedEmail" time="0.000">
    <skipped/>
  </testcase> <!-- setConfirmedEmail -->
  <system-out/>
  <testcase classname="CrossBrowserScript" name="setPassword" time="0.000">
    <skipped/>
  </testcase> <!-- setPassword -->
  <system-out/>
  <testcase classname="CrossBrowserScript" name="SetDOBMonth" time="0.000">
    <skipped/>
  </testcase> <!-- SetDOBMonth -->
  <system-out/>
  <testcase classname="CrossBrowserScript" name="SetDOBDate" time="0.000">
    <skipped/>
  </testcase> <!-- SetDOBDate -->
  <system-out/>
  <testcase classname="CrossBrowserScript" name="SetDOBYear" time="0.000">
    <skipped/>
  </testcase> <!-- SetDOBYear -->
  <system-out/>
  <testcase classname="CrossBrowserScript" name="setGender" time="0.000">
    <skipped/>
  </testcase> <!-- setGender -->
  <system-out/>
  <testcase classname="CrossBrowserScript" name="ClickSignUp" time="0.000">
    <skipped/>
  </testcase> <!-- ClickSignUp -->
  <system-out/>
  <testcase classname="CrossBrowserScript" name="VerifyInvalidSignUp" time="0.000">
    <skipped/>
  </testcase> <!-- VerifyInvalidSignUp -->
  <system-out/>
</testsuite> <!-- CrossBrowserScript -->
